2023-03-11 20:47:40.656 [main] INFO  org.example.App - [POWER- NUMBER 1] : 2.0
2023-03-11 20:47:40.659 [main] INFO  org.example.App - [POWER- NUMBER 2] : 6.0
2023-03-11 20:47:40.659 [main] INFO  org.example.App - [POWER- ANSWER] : 64.0
2023-03-11 20:47:40.660 [main] INFO  org.example.App - [POWER- NUMBER 1] : 2.0
2023-03-11 20:47:40.661 [main] INFO  org.example.App - [POWER- NUMBER 2] : 2.0
2023-03-11 20:47:40.661 [main] INFO  org.example.App - [POWER- ANSWER] : 4.0
2023-03-11 20:47:40.661 [main] INFO  org.example.App - [POWER- NUMBER 1] : -2.0
2023-03-11 20:47:40.662 [main] INFO  org.example.App - [POWER- NUMBER 2] : 20.0
2023-03-11 20:47:40.665 [main] INFO  org.example.App - [POWER- ANSWER] : 1048576.0
2023-03-11 20:47:49.714 [main] INFO  org.example.App - [POWER- NUMBER 1] : 2.0
2023-03-11 20:47:49.716 [main] INFO  org.example.App - [POWER- NUMBER 2] : 6.0
2023-03-11 20:47:49.717 [main] INFO  org.example.App - [POWER- ANSWER] : 64.0
2023-03-11 20:47:49.718 [main] INFO  org.example.App - [POWER- NUMBER 1] : 2.0
2023-03-11 20:47:49.718 [main] INFO  org.example.App - [POWER- NUMBER 2] : 2.0
2023-03-11 20:47:49.719 [main] INFO  org.example.App - [POWER- ANSWER] : 4.0
2023-03-11 20:47:49.719 [main] INFO  org.example.App - [POWER- NUMBER 1] : -2.0
2023-03-11 20:47:49.719 [main] INFO  org.example.App - [POWER- NUMBER 2] : 20.0
2023-03-11 20:47:49.720 [main] INFO  org.example.App - [POWER- ANSWER] : 1048576.0
2023-03-14 18:57:11.368 [main] INFO  org.example.App - [POWER- NUMBER 1] : 2.0
2023-03-14 18:57:11.371 [main] INFO  org.example.App - [POWER- NUMBER 2] : 6.0
2023-03-14 18:57:11.372 [main] INFO  org.example.App - [POWER- ANSWER] : 64.0
2023-03-14 18:57:11.374 [main] INFO  org.example.App - [POWER- NUMBER 1] : 2.0
2023-03-14 18:57:11.374 [main] INFO  org.example.App - [POWER- NUMBER 2] : 2.0
2023-03-14 18:57:11.375 [main] INFO  org.example.App - [POWER- ANSWER] : 4.0
2023-03-14 18:57:11.375 [main] INFO  org.example.App - [POWER- NUMBER 1] : -2.0
2023-03-14 18:57:11.376 [main] INFO  org.example.App - [POWER- NUMBER 2] : 20.0
2023-03-14 18:57:11.377 [main] INFO  org.example.App - [POWER- ANSWER] : 1048576.02023-03-20 15:14:27.417 [main] INFO  org.example.App - [POWER- NUMBER 1] : 2.0
2023-03-20 15:14:27.421 [main] INFO  org.example.App - [POWER- NUMBER 2] : 6.0
2023-03-20 15:14:27.421 [main] INFO  org.example.App - [POWER- ANSWER] : 64.0
2023-03-20 15:14:27.423 [main] INFO  org.example.App - [POWER- NUMBER 1] : 2.0
2023-03-20 15:14:27.423 [main] INFO  org.example.App - [POWER- NUMBER 2] : 2.0
2023-03-20 15:14:27.424 [main] INFO  org.example.App - [POWER- ANSWER] : 4.0
2023-03-20 15:14:27.425 [main] INFO  org.example.App - [POWER- NUMBER 1] : -2.0
2023-03-20 15:14:27.425 [main] INFO  org.example.App - [POWER- NUMBER 2] : 20.0
2023-03-20 15:14:27.426 [main] INFO  org.example.App - [POWER- ANSWER] : 1048576.0
2023-03-21 14:46:01.680 [main] INFO  org.example.App - [POWER- NUMBER 1] : 2.0
2023-03-21 14:46:01.682 [main] INFO  org.example.App - [POWER- NUMBER 2] : 6.0
2023-03-21 14:46:01.683 [main] INFO  org.example.App - [POWER- ANSWER] : 64.0
2023-03-21 14:46:01.685 [main] INFO  org.example.App - [POWER- NUMBER 1] : 2.0
2023-03-21 14:46:01.685 [main] INFO  org.example.App - [POWER- NUMBER 2] : 2.0
2023-03-21 14:46:01.685 [main] INFO  org.example.App - [POWER- ANSWER] : 4.0
2023-03-21 14:46:01.686 [main] INFO  org.example.App - [POWER- NUMBER 1] : -2.0
2023-03-21 14:46:01.687 [main] INFO  org.example.App - [POWER- NUMBER 2] : 20.0
2023-03-21 14:46:01.687 [main] INFO  org.example.App - [POWER- ANSWER] : 1048576.0
2023-03-21 14:54:48.897 [main] INFO  org.example.App - [POWER- NUMBER 1] : 2.0
2023-03-21 14:54:48.901 [main] INFO  org.example.App - [POWER- NUMBER 2] : 6.0
2023-03-21 14:54:48.902 [main] INFO  org.example.App - [POWER- ANSWER] : 64.0
2023-03-21 14:54:48.903 [main] INFO  org.example.App - [Factorial- NUMBER] : 5.0
2023-03-21 14:54:48.904 [main] INFO  org.example.App - [Factorial- ANSWER] : 120.0
2023-03-21 14:54:48.905 [main] INFO  org.example.App - [Natural Log- NUMBER] : 100.0
2023-03-21 14:54:48.905 [main] INFO  org.example.App - [Natural Log- ANSWER] : 4.605170185988092
2023-03-21 14:54:48.913 [main] INFO  org.example.App - [Square Root- NUMBER] : 64.0
2023-03-21 14:54:48.913 [main] INFO  org.example.App - [Square Root- ANSWER] : 8.0
2023-03-21 14:55:34.473 [main] INFO  org.example.App - [POWER- NUMBER 1] : 2.0
2023-03-21 14:55:34.476 [main] INFO  org.example.App - [POWER- NUMBER 2] : 6.0
2023-03-21 14:55:34.476 [main] INFO  org.example.App - [POWER- ANSWER] : 64.0
2023-03-21 14:55:34.478 [main] INFO  org.example.App - [Factorial- NUMBER] : 5.0
2023-03-21 14:55:34.478 [main] INFO  org.example.App - [Factorial- ANSWER] : 120.0
2023-03-21 14:55:34.479 [main] INFO  org.example.App - [Natural Log- NUMBER] : 100.0
2023-03-21 14:55:34.480 [main] INFO  org.example.App - [Natural Log- ANSWER] : 4.605170185988092
2023-03-21 14:55:34.480 [main] INFO  org.example.App - [Square Root- NUMBER] : 64.0
2023-03-21 14:55:34.481 [main] INFO  org.example.App - [Square Root- ANSWER] : 8.0
2023-03-21 14:59:37.126 [main] INFO  org.example.App - [POWER- NUMBER 1] : 2.0
2023-03-21 14:59:37.130 [main] INFO  org.example.App - [POWER- NUMBER 2] : 6.0
2023-03-21 14:59:37.130 [main] INFO  org.example.App - [POWER- ANSWER] : 64.0
2023-03-21 14:59:37.132 [main] INFO  org.example.App - [Factorial- NUMBER] : 5.0
2023-03-21 14:59:37.132 [main] INFO  org.example.App - [Factorial- ANSWER] : 120.0
2023-03-21 14:59:37.133 [main] INFO  org.example.App - [Natural Log- NUMBER] : 100.0
2023-03-21 14:59:37.134 [main] INFO  org.example.App - [Natural Log- ANSWER] : 4.605170185988092
2023-03-21 14:59:37.134 [main] INFO  org.example.App - [Square Root- NUMBER] : 64.0
2023-03-21 14:59:37.135 [main] INFO  org.example.App - [Square Root- ANSWER] : 8.0
2023-03-21 15:00:36.859 [main] INFO  org.example.App - [POWER- NUMBER 1] : 2.0
2023-03-21 15:00:36.862 [main] INFO  org.example.App - [POWER- NUMBER 2] : 6.0
2023-03-21 15:00:36.863 [main] INFO  org.example.App - [POWER- ANSWER] : 64.0
2023-03-21 15:00:36.864 [main] INFO  org.example.App - [Factorial- NUMBER] : 5.0
2023-03-21 15:00:36.864 [main] INFO  org.example.App - [Factorial- ANSWER] : 120.0
2023-03-21 15:00:36.865 [main] INFO  org.example.App - [Natural Log- NUMBER] : 100.0
2023-03-21 15:00:36.865 [main] INFO  org.example.App - [Natural Log- ANSWER] : 4.605170185988092
2023-03-21 15:00:36.866 [main] INFO  org.example.App - [Square Root- NUMBER] : 64.0
2023-03-21 15:00:36.866 [main] INFO  org.example.App - [Square Root- ANSWER] : 8.0
